2019-06-14 13:24:10.724 [main] (StartupInfoLogger.java:48) INFO  com.yyx.aio.AIOMApplication - Starting AIOMApplication on DESKTOP-BD34GOG with PID 24344 (F:\workspaceApi\springboot_1.5.9_springsecurity\aiom\target\classes started by Administrator in F:\workspaceApi\springboot_1.5.9_springsecurity)
2019-06-14 13:24:10.728 [main] (SpringApplication.java:593) INFO  com.yyx.aio.AIOMApplication - No active profile set, falling back to default profiles: default
2019-06-14 13:24:11.054 [main] (AbstractApplicationContext.java:583) INFO  o.s.b.c.e.AnnotationConfigEmbeddedWebApplicationContext - Refreshing org.springframework.boot.context.embedded.AnnotationConfigEmbeddedWebApplicationContext@c84417: startup date [Fri Jun 14 13:24:11 CST 2019]; root of context hierarchy
2019-06-14 13:24:13.451 [main] (PostProcessorRegistrationDelegate.java:327) INFO  o.s.c.s.PostProcessorRegistrationDelegate$BeanPostProcessorChecker - Bean 'org.springframework.transaction.annotation.ProxyTransactionManagementConfiguration' of type [org.springframework.transaction.annotation.ProxyTransactionManagementConfiguration$$EnhancerBySpringCGLIB$$480b669e] is not eligible for getting processed by all BeanPostProcessors (for example: not eligible for auto-proxying)
2019-06-14 13:24:14.072 [main] (TomcatEmbeddedServletContainer.java:89) INFO  o.s.b.c.e.tomcat.TomcatEmbeddedServletContainer - Tomcat initialized with port(s): 9000 (http)
2019-06-14 13:24:14.082 [main] (DirectJDKLog.java:179) INFO  org.apache.catalina.core.StandardService - Starting service [Tomcat]
2019-06-14 13:24:14.083 [main] (DirectJDKLog.java:179) INFO  org.apache.catalina.core.StandardEngine - Starting Servlet Engine: Apache Tomcat/8.5.23
2019-06-14 13:24:14.592 [localhost-startStop-1] (DirectJDKLog.java:179) INFO  o.a.c.c.ContainerBase.[Tomcat].[localhost].[/aiom] - Initializing Spring embedded WebApplicationContext
2019-06-14 13:24:14.592 [localhost-startStop-1] (EmbeddedWebApplicationContext.java:276) INFO  org.springframework.web.context.ContextLoader - Root WebApplicationContext: initialization completed in 3538 ms
2019-06-14 13:24:14.904 [localhost-startStop-1] (AbstractSecurityInterceptor.java:159) WARN  com.yyx.aio.security.UrlFilterSecurityInterceptor - Could not validate configuration attributes as the SecurityMetadataSource did not return any attributes from getAllConfigAttributes()
2019-06-14 13:24:15.184 [localhost-startStop-1] (AbstractFilterRegistrationBean.java:258) INFO  o.s.boot.web.servlet.FilterRegistrationBean - Mapping filter: 'metricsFilter' to: [/*]
2019-06-14 13:24:15.185 [localhost-startStop-1] (AbstractFilterRegistrationBean.java:258) INFO  o.s.boot.web.servlet.FilterRegistrationBean - Mapping filter: 'characterEncodingFilter' to: [/*]
2019-06-14 13:24:15.185 [localhost-startStop-1] (AbstractFilterRegistrationBean.java:258) INFO  o.s.boot.web.servlet.FilterRegistrationBean - Mapping filter: 'hiddenHttpMethodFilter' to: [/*]
2019-06-14 13:24:15.185 [localhost-startStop-1] (AbstractFilterRegistrationBean.java:258) INFO  o.s.boot.web.servlet.FilterRegistrationBean - Mapping filter: 'httpPutFormContentFilter' to: [/*]
2019-06-14 13:24:15.185 [localhost-startStop-1] (AbstractFilterRegistrationBean.java:258) INFO  o.s.boot.web.servlet.FilterRegistrationBean - Mapping filter: 'requestContextFilter' to: [/*]
2019-06-14 13:24:15.186 [localhost-startStop-1] (AbstractFilterRegistrationBean.java:258) INFO  o.s.b.w.s.DelegatingFilterProxyRegistrationBean - Mapping filter: 'springSecurityFilterChain' to: [/*]
2019-06-14 13:24:15.187 [localhost-startStop-1] (AbstractFilterRegistrationBean.java:258) INFO  o.s.boot.web.servlet.FilterRegistrationBean - Mapping filter: 'webRequestLoggingFilter' to: [/*]
2019-06-14 13:24:15.187 [localhost-startStop-1] (AbstractFilterRegistrationBean.java:271) INFO  o.s.boot.web.servlet.FilterRegistrationBean - Mapping filter: 'webStatFilter' to urls: [/*]
2019-06-14 13:24:15.187 [localhost-startStop-1] (AbstractFilterRegistrationBean.java:258) INFO  o.s.boot.web.servlet.FilterRegistrationBean - Mapping filter: 'urlFilterSecurityInterceptor' to: [/*]
2019-06-14 13:24:15.187 [localhost-startStop-1] (AbstractFilterRegistrationBean.java:258) INFO  o.s.boot.web.servlet.FilterRegistrationBean - Mapping filter: 'applicationContextIdFilter' to: [/*]
2019-06-14 13:24:15.187 [localhost-startStop-1] (ServletRegistrationBean.java:190) INFO  o.s.boot.web.servlet.ServletRegistrationBean - Mapping servlet: 'dispatcherServlet' to [/]
2019-06-14 13:24:15.188 [localhost-startStop-1] (ServletRegistrationBean.java:190) INFO  o.s.boot.web.servlet.ServletRegistrationBean - Mapping servlet: 'statViewServlet' to [/druid/*]
2019-06-14 13:24:16.916 [main] (AbstractHandlerMethodMapping.java:543) INFO  o.s.w.s.m.m.a.RequestMappingHandlerMapping - Mapped "{[/],methods=[GET]}" onto public java.lang.String com.yyx.aio.controller.IndexController.index()
2019-06-14 13:24:16.917 [main] (AbstractHandlerMethodMapping.java:543) INFO  o.s.w.s.m.m.a.RequestMappingHandlerMapping - Mapped "{[/index],methods=[GET]}" onto public java.lang.String com.yyx.aio.controller.IndexController.index2()
2019-06-14 13:24:16.919 [main] (AbstractHandlerMethodMapping.java:543) INFO  o.s.w.s.m.m.a.RequestMappingHandlerMapping - Mapped "{[/test],methods=[GET]}" onto public com.yyx.aio.common.entity.ResponseEntity com.yyx.aio.controller.TestController.test()
2019-06-14 13:24:16.920 [main] (AbstractHandlerMethodMapping.java:543) INFO  o.s.w.s.m.m.a.RequestMappingHandlerMapping - Mapped "{[/users],methods=[POST]}" onto public com.yyx.aio.common.entity.ResponseEntity com.yyx.aio.controller.TestController.listUsers()
2019-06-14 13:24:16.923 [main] (AbstractHandlerMethodMapping.java:543) INFO  o.s.w.s.m.m.a.RequestMappingHandlerMapping - Mapped "{[/upload/local],methods=[POST],consumes=[multipart/form-data]}" onto public cn.hutool.core.lang.Dict com.yyx.aio.controller.UploadController.local(org.springframework.web.multipart.MultipartFile)
2019-06-14 13:24:16.924 [main] (AbstractHandlerMethodMapping.java:543) INFO  o.s.w.s.m.m.a.RequestMappingHandlerMapping - Mapped "{[/v2/api-docs],methods=[GET],produces=[application/json || application/hal+json]}" onto public org.springframework.http.ResponseEntity<springfox.documentation.spring.web.json.Json> springfox.documentation.swagger2.web.Swagger2Controller.getDocumentation(java.lang.String,javax.servlet.http.HttpServletRequest)
2019-06-14 13:24:16.927 [main] (AbstractHandlerMethodMapping.java:543) INFO  o.s.w.s.m.m.a.RequestMappingHandlerMapping - Mapped "{[/swagger-resources/configuration/security]}" onto org.springframework.http.ResponseEntity<springfox.documentation.swagger.web.SecurityConfiguration> springfox.documentation.swagger.web.ApiResourceController.securityConfiguration()
2019-06-14 13:24:16.928 [main] (AbstractHandlerMethodMapping.java:543) INFO  o.s.w.s.m.m.a.RequestMappingHandlerMapping - Mapped "{[/swagger-resources]}" onto org.springframework.http.ResponseEntity<java.util.List<springfox.documentation.swagger.web.SwaggerResource>> springfox.documentation.swagger.web.ApiResourceController.swaggerResources()
2019-06-14 13:24:16.928 [main] (AbstractHandlerMethodMapping.java:543) INFO  o.s.w.s.m.m.a.RequestMappingHandlerMapping - Mapped "{[/swagger-resources/configuration/ui]}" onto org.springframework.http.ResponseEntity<springfox.documentation.swagger.web.UiConfiguration> springfox.documentation.swagger.web.ApiResourceController.uiConfiguration()
2019-06-14 13:24:16.931 [main] (AbstractHandlerMethodMapping.java:543) INFO  o.s.w.s.m.m.a.RequestMappingHandlerMapping - Mapped "{[/error]}" onto public org.springframework.http.ResponseEntity<java.util.Map<java.lang.String, java.lang.Object>> org.springframework.boot.autoconfigure.web.BasicErrorController.error(javax.servlet.http.HttpServletRequest)
2019-06-14 13:24:16.931 [main] (AbstractHandlerMethodMapping.java:543) INFO  o.s.w.s.m.m.a.RequestMappingHandlerMapping - Mapped "{[/error],produces=[text/html]}" onto public org.springframework.web.servlet.ModelAndView org.springframework.boot.autoconfigure.web.BasicErrorController.errorHtml(javax.servlet.http.HttpServletRequest,javax.servlet.http.HttpServletResponse)
2019-06-14 13:24:17.214 [main] (AbstractHandlerMethodMapping.java:543) INFO  o.s.b.actuate.endpoint.mvc.EndpointHandlerMapping - Mapped "{[/loggers/{name:.*}],methods=[GET],produces=[application/vnd.spring-boot.actuator.v1+json || application/json]}" onto public java.lang.Object org.springframework.boot.actuate.endpoint.mvc.LoggersMvcEndpoint.get(java.lang.String)
2019-06-14 13:24:17.215 [main] (AbstractHandlerMethodMapping.java:543) INFO  o.s.b.actuate.endpoint.mvc.EndpointHandlerMapping - Mapped "{[/loggers/{name:.*}],methods=[POST],consumes=[application/vnd.spring-boot.actuator.v1+json || application/json],produces=[application/vnd.spring-boot.actuator.v1+json || application/json]}" onto public java.lang.Object org.springframework.boot.actuate.endpoint.mvc.LoggersMvcEndpoint.set(java.lang.String,java.util.Map<java.lang.String, java.lang.String>)
2019-06-14 13:24:17.215 [main] (AbstractHandlerMethodMapping.java:543) INFO  o.s.b.actuate.endpoint.mvc.EndpointHandlerMapping - Mapped "{[/loggers || /loggers.json],methods=[GET],produces=[application/vnd.spring-boot.actuator.v1+json || application/json]}" onto public java.lang.Object org.springframework.boot.actuate.endpoint.mvc.EndpointMvcAdapter.invoke()
2019-06-14 13:24:17.216 [main] (AbstractHandlerMethodMapping.java:543) INFO  o.s.b.actuate.endpoint.mvc.EndpointHandlerMapping - Mapped "{[/info || /info.json],methods=[GET],produces=[application/vnd.spring-boot.actuator.v1+json || application/json]}" onto public java.lang.Object org.springframework.boot.actuate.endpoint.mvc.EndpointMvcAdapter.invoke()
2019-06-14 13:24:17.216 [main] (AbstractHandlerMethodMapping.java:543) INFO  o.s.b.actuate.endpoint.mvc.EndpointHandlerMapping - Mapped "{[/dump || /dump.json],methods=[GET],produces=[application/vnd.spring-boot.actuator.v1+json || application/json]}" onto public java.lang.Object org.springframework.boot.actuate.endpoint.mvc.EndpointMvcAdapter.invoke()
2019-06-14 13:24:17.217 [main] (AbstractHandlerMethodMapping.java:543) INFO  o.s.b.actuate.endpoint.mvc.EndpointHandlerMapping - Mapped "{[/autoconfig || /autoconfig.json],methods=[GET],produces=[application/vnd.spring-boot.actuator.v1+json || application/json]}" onto public java.lang.Object org.springframework.boot.actuate.endpoint.mvc.EndpointMvcAdapter.invoke()
2019-06-14 13:24:17.218 [main] (AbstractHandlerMethodMapping.java:543) INFO  o.s.b.actuate.endpoint.mvc.EndpointHandlerMapping - Mapped "{[/auditevents || /auditevents.json],methods=[GET],produces=[application/vnd.spring-boot.actuator.v1+json || application/json]}" onto public org.springframework.http.ResponseEntity<?> org.springframework.boot.actuate.endpoint.mvc.AuditEventsMvcEndpoint.findByPrincipalAndAfterAndType(java.lang.String,java.util.Date,java.lang.String)
2019-06-14 13:24:17.219 [main] (AbstractHandlerMethodMapping.java:543) INFO  o.s.b.actuate.endpoint.mvc.EndpointHandlerMapping - Mapped "{[/env/{name:.*}],methods=[GET],produces=[application/vnd.spring-boot.actuator.v1+json || application/json]}" onto public java.lang.Object org.springframework.boot.actuate.endpoint.mvc.EnvironmentMvcEndpoint.value(java.lang.String)
2019-06-14 13:24:17.219 [main] (AbstractHandlerMethodMapping.java:543) INFO  o.s.b.actuate.endpoint.mvc.EndpointHandlerMapping - Mapped "{[/env || /env.json],methods=[GET],produces=[application/vnd.spring-boot.actuator.v1+json || application/json]}" onto public java.lang.Object org.springframework.boot.actuate.endpoint.mvc.EndpointMvcAdapter.invoke()
2019-06-14 13:24:17.220 [main] (AbstractHandlerMethodMapping.java:543) INFO  o.s.b.actuate.endpoint.mvc.EndpointHandlerMapping - Mapped "{[/heapdump || /heapdump.json],methods=[GET],produces=[application/octet-stream]}" onto public void org.springframework.boot.actuate.endpoint.mvc.HeapdumpMvcEndpoint.invoke(boolean,javax.servlet.http.HttpServletRequest,javax.servlet.http.HttpServletResponse) throws java.io.IOException,javax.servlet.ServletException
2019-06-14 13:24:17.222 [main] (AbstractHandlerMethodMapping.java:543) INFO  o.s.b.actuate.endpoint.mvc.EndpointHandlerMapping - Mapped "{[/metrics/{name:.*}],methods=[GET],produces=[application/vnd.spring-boot.actuator.v1+json || application/json]}" onto public java.lang.Object org.springframework.boot.actuate.endpoint.mvc.MetricsMvcEndpoint.value(java.lang.String)
2019-06-14 13:24:17.222 [main] (AbstractHandlerMethodMapping.java:543) INFO  o.s.b.actuate.endpoint.mvc.EndpointHandlerMapping - Mapped "{[/metrics || /metrics.json],methods=[GET],produces=[application/vnd.spring-boot.actuator.v1+json || application/json]}" onto public java.lang.Object org.springframework.boot.actuate.endpoint.mvc.EndpointMvcAdapter.invoke()
2019-06-14 13:24:17.222 [main] (AbstractHandlerMethodMapping.java:543) INFO  o.s.b.actuate.endpoint.mvc.EndpointHandlerMapping - Mapped "{[/trace || /trace.json],methods=[GET],produces=[application/vnd.spring-boot.actuator.v1+json || application/json]}" onto public java.lang.Object org.springframework.boot.actuate.endpoint.mvc.EndpointMvcAdapter.invoke()
2019-06-14 13:24:17.223 [main] (AbstractHandlerMethodMapping.java:543) INFO  o.s.b.actuate.endpoint.mvc.EndpointHandlerMapping - Mapped "{[/beans || /beans.json],methods=[GET],produces=[application/vnd.spring-boot.actuator.v1+json || application/json]}" onto public java.lang.Object org.springframework.boot.actuate.endpoint.mvc.EndpointMvcAdapter.invoke()
2019-06-14 13:24:17.223 [main] (AbstractHandlerMethodMapping.java:543) INFO  o.s.b.actuate.endpoint.mvc.EndpointHandlerMapping - Mapped "{[/mappings || /mappings.json],methods=[GET],produces=[application/vnd.spring-boot.actuator.v1+json || application/json]}" onto public java.lang.Object org.springframework.boot.actuate.endpoint.mvc.EndpointMvcAdapter.invoke()
2019-06-14 13:24:17.224 [main] (AbstractHandlerMethodMapping.java:543) INFO  o.s.b.actuate.endpoint.mvc.EndpointHandlerMapping - Mapped "{[/health || /health.json],methods=[GET],produces=[application/vnd.spring-boot.actuator.v1+json || application/json]}" onto public java.lang.Object org.springframework.boot.actuate.endpoint.mvc.HealthMvcEndpoint.invoke(javax.servlet.http.HttpServletRequest,java.security.Principal)
2019-06-14 13:24:17.225 [main] (AbstractHandlerMethodMapping.java:543) INFO  o.s.b.actuate.endpoint.mvc.EndpointHandlerMapping - Mapped "{[/configprops || /configprops.json],methods=[GET],produces=[application/vnd.spring-boot.actuator.v1+json || application/json]}" onto public java.lang.Object org.springframework.boot.actuate.endpoint.mvc.EndpointMvcAdapter.invoke()
2019-06-14 13:24:17.707 [main] (DefaultSecurityFilterChain.java:43) INFO  o.s.security.web.DefaultSecurityFilterChain - Creating filter chain: org.springframework.security.web.util.matcher.AnyRequestMatcher@1, [com.yyx.aio.config.filter.CorsFilter@4cf298, org.springframework.security.web.context.request.async.WebAsyncManagerIntegrationFilter@1cb0da0, org.springframework.security.web.context.SecurityContextPersistenceFilter@d6d585, org.springframework.security.web.header.HeaderWriterFilter@a688a2, org.springframework.security.web.authentication.logout.LogoutFilter@57bc65, com.yyx.aio.config.filter.VerifyTokenFilter@1eba72c, com.yyx.aio.config.filter.GenerateTokenForUserFilter@2c44f2, org.springframework.security.web.authentication.UsernamePasswordAuthenticationFilter@1fd153f, org.springframework.security.web.session.ConcurrentSessionFilter@627d65, org.springframework.security.web.authentication.www.BasicAuthenticationFilter@c3891f, org.springframework.security.web.savedrequest.RequestCacheAwareFilter@15df40b, org.springframework.security.web.servletapi.SecurityContextHolderAwareRequestFilter@17d80c0, org.springframework.security.web.authentication.AnonymousAuthenticationFilter@16762f, org.springframework.security.web.session.SessionManagementFilter@1eaea1f, org.springframework.security.web.access.ExceptionTranslationFilter@11437fc, org.springframework.security.web.access.intercept.FilterSecurityInterceptor@15968da]
2019-06-14 13:24:18.009 [main] (RequestMappingHandlerAdapter.java:534) INFO  o.s.w.s.m.m.a.RequestMappingHandlerAdapter - Looking for @ControllerAdvice: org.springframework.boot.context.embedded.AnnotationConfigEmbeddedWebApplicationContext@c84417: startup date [Fri Jun 14 13:24:11 CST 2019]; root of context hierarchy
2019-06-14 13:24:18.079 [main] (AbstractUrlHandlerMapping.java:362) INFO  o.s.web.servlet.handler.SimpleUrlHandlerMapping - Mapped URL path [/webjars/**] onto handler of type [class org.springframework.web.servlet.resource.ResourceHttpRequestHandler]
2019-06-14 13:24:18.079 [main] (AbstractUrlHandlerMapping.java:362) INFO  o.s.web.servlet.handler.SimpleUrlHandlerMapping - Mapped URL path [/**] onto handler of type [class org.springframework.web.servlet.resource.ResourceHttpRequestHandler]
2019-06-14 13:24:18.153 [main] (AbstractUrlHandlerMapping.java:362) INFO  o.s.web.servlet.handler.SimpleUrlHandlerMapping - Mapped URL path [/**/favicon.ico] onto handler of type [class org.springframework.web.servlet.resource.ResourceHttpRequestHandler]
2019-06-14 13:24:19.433 [main] (MBeanExporter.java:431) INFO  o.s.jmx.export.annotation.AnnotationMBeanExporter - Registering beans for JMX exposure on startup
2019-06-14 13:24:19.435 [main] (MBeanExporter.java:916) INFO  o.s.jmx.export.annotation.AnnotationMBeanExporter - Bean with name 'statFilter' has been autodetected for JMX exposure
2019-06-14 13:24:19.435 [main] (MBeanExporter.java:916) INFO  o.s.jmx.export.annotation.AnnotationMBeanExporter - Bean with name 'dataSource' has been autodetected for JMX exposure
2019-06-14 13:24:19.443 [main] (MBeanExporter.java:671) INFO  o.s.jmx.export.annotation.AnnotationMBeanExporter - Located MBean 'dataSource': registering with JMX server as MBean [com.alibaba.druid.spring.boot.autoconfigure:name=dataSource,type=DruidDataSourceWrapper]
2019-06-14 13:24:19.445 [main] (MBeanExporter.java:671) INFO  o.s.jmx.export.annotation.AnnotationMBeanExporter - Located MBean 'statFilter': registering with JMX server as MBean [com.alibaba.druid.filter.stat:name=statFilter,type=StatFilter]
2019-06-14 13:24:19.451 [main] (DefaultLifecycleProcessor.java:343) INFO  o.s.context.support.DefaultLifecycleProcessor - Starting beans in phase 0
2019-06-14 13:24:19.503 [main] (DefaultLifecycleProcessor.java:343) INFO  o.s.context.support.DefaultLifecycleProcessor - Starting beans in phase 2147483647
2019-06-14 13:24:19.504 [main] (DocumentationPluginsBootstrapper.java:120) INFO  s.d.s.web.plugins.DocumentationPluginsBootstrapper - Context refreshed
2019-06-14 13:24:19.539 [main] (DocumentationPluginsBootstrapper.java:123) INFO  s.d.s.web.plugins.DocumentationPluginsBootstrapper - Found 1 custom documentation plugin(s)
2019-06-14 13:24:19.552 [main] (ApiListingReferenceScanner.java:41) INFO  s.d.spring.web.scanners.ApiListingReferenceScanner - Scanning for api listing references
2019-06-14 13:24:19.846 [main] (TomcatEmbeddedServletContainer.java:201) INFO  o.s.b.c.e.tomcat.TomcatEmbeddedServletContainer - Tomcat started on port(s): 9000 (http)
2019-06-14 13:24:19.854 [main] (StartupInfoLogger.java:57) INFO  com.yyx.aio.AIOMApplication - Started AIOMApplication in 9.631 seconds (JVM running for 12.843)
2019-06-14 13:24:42.411 [Thread-20] (AbstractApplicationContext.java:984) INFO  o.s.b.c.e.AnnotationConfigEmbeddedWebApplicationContext - Closing org.springframework.boot.context.embedded.AnnotationConfigEmbeddedWebApplicationContext@c84417: startup date [Fri Jun 14 13:24:11 CST 2019]; root of context hierarchy
2019-06-14 13:24:42.427 [Thread-20] (DefaultLifecycleProcessor.java:358) INFO  o.s.context.support.DefaultLifecycleProcessor - Stopping beans in phase 2147483647
2019-06-14 13:24:42.428 [Thread-20] (DefaultLifecycleProcessor.java:358) INFO  o.s.context.support.DefaultLifecycleProcessor - Stopping beans in phase 0
2019-06-14 13:24:42.431 [Thread-20] (MBeanExporter.java:449) INFO  o.s.jmx.export.annotation.AnnotationMBeanExporter - Unregistering JMX-exposed beans on shutdown
2019-06-14 13:24:42.432 [Thread-20] (MBeanRegistrationSupport.java:241) INFO  o.s.jmx.export.annotation.AnnotationMBeanExporter - Unregistering JMX-exposed beans
2019-06-14 13:33:09.024 [main] (StartupInfoLogger.java:48) INFO  com.yyx.aio.AIOMApplication - Starting AIOMApplication on DESKTOP-BD34GOG with PID 19712 (F:\workspaceApi\springboot_1.5.9_springsecurity\aiom\target\classes started by Administrator in F:\workspaceApi\springboot_1.5.9_springsecurity)
2019-06-14 13:33:09.029 [main] (SpringApplication.java:593) INFO  com.yyx.aio.AIOMApplication - No active profile set, falling back to default profiles: default
2019-06-14 13:33:09.324 [main] (AbstractApplicationContext.java:583) INFO  o.s.b.c.e.AnnotationConfigEmbeddedWebApplicationContext - Refreshing org.springframework.boot.context.embedded.AnnotationConfigEmbeddedWebApplicationContext@1ba1f1: startup date [Fri Jun 14 13:33:09 CST 2019]; root of context hierarchy
2019-06-14 13:33:10.882 [main] (PostProcessorRegistrationDelegate.java:327) INFO  o.s.c.s.PostProcessorRegistrationDelegate$BeanPostProcessorChecker - Bean 'org.springframework.transaction.annotation.ProxyTransactionManagementConfiguration' of type [org.springframework.transaction.annotation.ProxyTransactionManagementConfiguration$$EnhancerBySpringCGLIB$$76dcc163] is not eligible for getting processed by all BeanPostProcessors (for example: not eligible for auto-proxying)
2019-06-14 13:33:11.213 [main] (TomcatEmbeddedServletContainer.java:89) INFO  o.s.b.c.e.tomcat.TomcatEmbeddedServletContainer - Tomcat initialized with port(s): 9000 (http)
2019-06-14 13:33:11.219 [main] (DirectJDKLog.java:179) INFO  org.apache.catalina.core.StandardService - Starting service [Tomcat]
2019-06-14 13:33:11.220 [main] (DirectJDKLog.java:179) INFO  org.apache.catalina.core.StandardEngine - Starting Servlet Engine: Apache Tomcat/8.5.23
2019-06-14 13:33:11.362 [localhost-startStop-1] (DirectJDKLog.java:179) INFO  o.a.c.c.ContainerBase.[Tomcat].[localhost].[/aiom] - Initializing Spring embedded WebApplicationContext
2019-06-14 13:33:11.362 [localhost-startStop-1] (EmbeddedWebApplicationContext.java:276) INFO  org.springframework.web.context.ContextLoader - Root WebApplicationContext: initialization completed in 2038 ms
2019-06-14 13:33:11.784 [localhost-startStop-1] (AbstractSecurityInterceptor.java:159) WARN  com.yyx.aio.security.UrlFilterSecurityInterceptor - Could not validate configuration attributes as the SecurityMetadataSource did not return any attributes from getAllConfigAttributes()
2019-06-14 13:33:12.075 [localhost-startStop-1] (AbstractFilterRegistrationBean.java:258) INFO  o.s.boot.web.servlet.FilterRegistrationBean - Mapping filter: 'metricsFilter' to: [/*]
2019-06-14 13:33:12.075 [localhost-startStop-1] (AbstractFilterRegistrationBean.java:258) INFO  o.s.boot.web.servlet.FilterRegistrationBean - Mapping filter: 'characterEncodingFilter' to: [/*]
2019-06-14 13:33:12.075 [localhost-startStop-1] (AbstractFilterRegistrationBean.java:258) INFO  o.s.boot.web.servlet.FilterRegistrationBean - Mapping filter: 'hiddenHttpMethodFilter' to: [/*]
2019-06-14 13:33:12.075 [localhost-startStop-1] (AbstractFilterRegistrationBean.java:258) INFO  o.s.boot.web.servlet.FilterRegistrationBean - Mapping filter: 'httpPutFormContentFilter' to: [/*]
2019-06-14 13:33:12.075 [localhost-startStop-1] (AbstractFilterRegistrationBean.java:258) INFO  o.s.boot.web.servlet.FilterRegistrationBean - Mapping filter: 'requestContextFilter' to: [/*]
2019-06-14 13:33:12.076 [localhost-startStop-1] (AbstractFilterRegistrationBean.java:258) INFO  o.s.b.w.s.DelegatingFilterProxyRegistrationBean - Mapping filter: 'springSecurityFilterChain' to: [/*]
2019-06-14 13:33:12.076 [localhost-startStop-1] (AbstractFilterRegistrationBean.java:258) INFO  o.s.boot.web.servlet.FilterRegistrationBean - Mapping filter: 'webRequestLoggingFilter' to: [/*]
2019-06-14 13:33:12.077 [localhost-startStop-1] (AbstractFilterRegistrationBean.java:271) INFO  o.s.boot.web.servlet.FilterRegistrationBean - Mapping filter: 'webStatFilter' to urls: [/*]
2019-06-14 13:33:12.077 [localhost-startStop-1] (AbstractFilterRegistrationBean.java:258) INFO  o.s.boot.web.servlet.FilterRegistrationBean - Mapping filter: 'urlFilterSecurityInterceptor' to: [/*]
2019-06-14 13:33:12.077 [localhost-startStop-1] (AbstractFilterRegistrationBean.java:258) INFO  o.s.boot.web.servlet.FilterRegistrationBean - Mapping filter: 'applicationContextIdFilter' to: [/*]
2019-06-14 13:33:12.077 [localhost-startStop-1] (ServletRegistrationBean.java:190) INFO  o.s.boot.web.servlet.ServletRegistrationBean - Mapping servlet: 'dispatcherServlet' to [/]
2019-06-14 13:33:12.078 [localhost-startStop-1] (ServletRegistrationBean.java:190) INFO  o.s.boot.web.servlet.ServletRegistrationBean - Mapping servlet: 'statViewServlet' to [/druid/*]
2019-06-14 13:33:13.199 [main] (AbstractHandlerMethodMapping.java:543) INFO  o.s.w.s.m.m.a.RequestMappingHandlerMapping - Mapped "{[/],methods=[GET]}" onto public java.lang.String com.yyx.aio.controller.IndexController.index()
2019-06-14 13:33:13.199 [main] (AbstractHandlerMethodMapping.java:543) INFO  o.s.w.s.m.m.a.RequestMappingHandlerMapping - Mapped "{[/index],methods=[GET]}" onto public java.lang.String com.yyx.aio.controller.IndexController.index2()
2019-06-14 13:33:13.201 [main] (AbstractHandlerMethodMapping.java:543) INFO  o.s.w.s.m.m.a.RequestMappingHandlerMapping - Mapped "{[/users],methods=[POST]}" onto public com.yyx.aio.common.entity.ResponseEntity com.yyx.aio.controller.TestController.listUsers()
2019-06-14 13:33:13.201 [main] (AbstractHandlerMethodMapping.java:543) INFO  o.s.w.s.m.m.a.RequestMappingHandlerMapping - Mapped "{[/test],methods=[GET]}" onto public com.yyx.aio.common.entity.ResponseEntity com.yyx.aio.controller.TestController.test()
2019-06-14 13:33:13.202 [main] (AbstractHandlerMethodMapping.java:543) INFO  o.s.w.s.m.m.a.RequestMappingHandlerMapping - Mapped "{[/upload/local],methods=[POST],consumes=[multipart/form-data]}" onto public cn.hutool.core.lang.Dict com.yyx.aio.controller.UploadController.local(org.springframework.web.multipart.MultipartFile)
2019-06-14 13:33:13.203 [main] (AbstractHandlerMethodMapping.java:543) INFO  o.s.w.s.m.m.a.RequestMappingHandlerMapping - Mapped "{[/v2/api-docs],methods=[GET],produces=[application/json || application/hal+json]}" onto public org.springframework.http.ResponseEntity<springfox.documentation.spring.web.json.Json> springfox.documentation.swagger2.web.Swagger2Controller.getDocumentation(java.lang.String,javax.servlet.http.HttpServletRequest)
2019-06-14 13:33:13.205 [main] (AbstractHandlerMethodMapping.java:543) INFO  o.s.w.s.m.m.a.RequestMappingHandlerMapping - Mapped "{[/swagger-resources/configuration/ui]}" onto org.springframework.http.ResponseEntity<springfox.documentation.swagger.web.UiConfiguration> springfox.documentation.swagger.web.ApiResourceController.uiConfiguration()
2019-06-14 13:33:13.205 [main] (AbstractHandlerMethodMapping.java:543) INFO  o.s.w.s.m.m.a.RequestMappingHandlerMapping - Mapped "{[/swagger-resources]}" onto org.springframework.http.ResponseEntity<java.util.List<springfox.documentation.swagger.web.SwaggerResource>> springfox.documentation.swagger.web.ApiResourceController.swaggerResources()
2019-06-14 13:33:13.206 [main] (AbstractHandlerMethodMapping.java:543) INFO  o.s.w.s.m.m.a.RequestMappingHandlerMapping - Mapped "{[/swagger-resources/configuration/security]}" onto org.springframework.http.ResponseEntity<springfox.documentation.swagger.web.SecurityConfiguration> springfox.documentation.swagger.web.ApiResourceController.securityConfiguration()
2019-06-14 13:33:13.208 [main] (AbstractHandlerMethodMapping.java:543) INFO  o.s.w.s.m.m.a.RequestMappingHandlerMapping - Mapped "{[/error],produces=[text/html]}" onto public org.springframework.web.servlet.ModelAndView org.springframework.boot.autoconfigure.web.BasicErrorController.errorHtml(javax.servlet.http.HttpServletRequest,javax.servlet.http.HttpServletResponse)
2019-06-14 13:33:13.208 [main] (AbstractHandlerMethodMapping.java:543) INFO  o.s.w.s.m.m.a.RequestMappingHandlerMapping - Mapped "{[/error]}" onto public org.springframework.http.ResponseEntity<java.util.Map<java.lang.String, java.lang.Object>> org.springframework.boot.autoconfigure.web.BasicErrorController.error(javax.servlet.http.HttpServletRequest)
2019-06-14 13:33:13.368 [main] (AbstractHandlerMethodMapping.java:543) INFO  o.s.b.actuate.endpoint.mvc.EndpointHandlerMapping - Mapped "{[/heapdump || /heapdump.json],methods=[GET],produces=[application/octet-stream]}" onto public void org.springframework.boot.actuate.endpoint.mvc.HeapdumpMvcEndpoint.invoke(boolean,javax.servlet.http.HttpServletRequest,javax.servlet.http.HttpServletResponse) throws java.io.IOException,javax.servlet.ServletException
2019-06-14 13:33:13.369 [main] (AbstractHandlerMethodMapping.java:543) INFO  o.s.b.actuate.endpoint.mvc.EndpointHandlerMapping - Mapped "{[/info || /info.json],methods=[GET],produces=[application/vnd.spring-boot.actuator.v1+json || application/json]}" onto public java.lang.Object org.springframework.boot.actuate.endpoint.mvc.EndpointMvcAdapter.invoke()
2019-06-14 13:33:13.369 [main] (AbstractHandlerMethodMapping.java:543) INFO  o.s.b.actuate.endpoint.mvc.EndpointHandlerMapping - Mapped "{[/health || /health.json],methods=[GET],produces=[application/vnd.spring-boot.actuator.v1+json || application/json]}" onto public java.lang.Object org.springframework.boot.actuate.endpoint.mvc.HealthMvcEndpoint.invoke(javax.servlet.http.HttpServletRequest,java.security.Principal)
2019-06-14 13:33:13.370 [main] (AbstractHandlerMethodMapping.java:543) INFO  o.s.b.actuate.endpoint.mvc.EndpointHandlerMapping - Mapped "{[/autoconfig || /autoconfig.json],methods=[GET],produces=[application/vnd.spring-boot.actuator.v1+json || application/json]}" onto public java.lang.Object org.springframework.boot.actuate.endpoint.mvc.EndpointMvcAdapter.invoke()
2019-06-14 13:33:13.371 [main] (AbstractHandlerMethodMapping.java:543) INFO  o.s.b.actuate.endpoint.mvc.EndpointHandlerMapping - Mapped "{[/metrics/{name:.*}],methods=[GET],produces=[application/vnd.spring-boot.actuator.v1+json || application/json]}" onto public java.lang.Object org.springframework.boot.actuate.endpoint.mvc.MetricsMvcEndpoint.value(java.lang.String)
2019-06-14 13:33:13.371 [main] (AbstractHandlerMethodMapping.java:543) INFO  o.s.b.actuate.endpoint.mvc.EndpointHandlerMapping - Mapped "{[/metrics || /metrics.json],methods=[GET],produces=[application/vnd.spring-boot.actuator.v1+json || application/json]}" onto public java.lang.Object org.springframework.boot.actuate.endpoint.mvc.EndpointMvcAdapter.invoke()
2019-06-14 13:33:13.372 [main] (AbstractHandlerMethodMapping.java:543) INFO  o.s.b.actuate.endpoint.mvc.EndpointHandlerMapping - Mapped "{[/mappings || /mappings.json],methods=[GET],produces=[application/vnd.spring-boot.actuator.v1+json || application/json]}" onto public java.lang.Object org.springframework.boot.actuate.endpoint.mvc.EndpointMvcAdapter.invoke()
2019-06-14 13:33:13.373 [main] (AbstractHandlerMethodMapping.java:543) INFO  o.s.b.actuate.endpoint.mvc.EndpointHandlerMapping - Mapped "{[/trace || /trace.json],methods=[GET],produces=[application/vnd.spring-boot.actuator.v1+json || application/json]}" onto public java.lang.Object org.springframework.boot.actuate.endpoint.mvc.EndpointMvcAdapter.invoke()
2019-06-14 13:33:13.373 [main] (AbstractHandlerMethodMapping.java:543) INFO  o.s.b.actuate.endpoint.mvc.EndpointHandlerMapping - Mapped "{[/beans || /beans.json],methods=[GET],produces=[application/vnd.spring-boot.actuator.v1+json || application/json]}" onto public java.lang.Object org.springframework.boot.actuate.endpoint.mvc.EndpointMvcAdapter.invoke()
2019-06-14 13:33:13.374 [main] (AbstractHandlerMethodMapping.java:543) INFO  o.s.b.actuate.endpoint.mvc.EndpointHandlerMapping - Mapped "{[/auditevents || /auditevents.json],methods=[GET],produces=[application/vnd.spring-boot.actuator.v1+json || application/json]}" onto public org.springframework.http.ResponseEntity<?> org.springframework.boot.actuate.endpoint.mvc.AuditEventsMvcEndpoint.findByPrincipalAndAfterAndType(java.lang.String,java.util.Date,java.lang.String)
2019-06-14 13:33:13.375 [main] (AbstractHandlerMethodMapping.java:543) INFO  o.s.b.actuate.endpoint.mvc.EndpointHandlerMapping - Mapped "{[/configprops || /configprops.json],methods=[GET],produces=[application/vnd.spring-boot.actuator.v1+json || application/json]}" onto public java.lang.Object org.springframework.boot.actuate.endpoint.mvc.EndpointMvcAdapter.invoke()
2019-06-14 13:33:13.375 [main] (AbstractHandlerMethodMapping.java:543) INFO  o.s.b.actuate.endpoint.mvc.EndpointHandlerMapping - Mapped "{[/env/{name:.*}],methods=[GET],produces=[application/vnd.spring-boot.actuator.v1+json || application/json]}" onto public java.lang.Object org.springframework.boot.actuate.endpoint.mvc.EnvironmentMvcEndpoint.value(java.lang.String)
2019-06-14 13:33:13.376 [main] (AbstractHandlerMethodMapping.java:543) INFO  o.s.b.actuate.endpoint.mvc.EndpointHandlerMapping - Mapped "{[/env || /env.json],methods=[GET],produces=[application/vnd.spring-boot.actuator.v1+json || application/json]}" onto public java.lang.Object org.springframework.boot.actuate.endpoint.mvc.EndpointMvcAdapter.invoke()
2019-06-14 13:33:13.376 [main] (AbstractHandlerMethodMapping.java:543) INFO  o.s.b.actuate.endpoint.mvc.EndpointHandlerMapping - Mapped "{[/dump || /dump.json],methods=[GET],produces=[application/vnd.spring-boot.actuator.v1+json || application/json]}" onto public java.lang.Object org.springframework.boot.actuate.endpoint.mvc.EndpointMvcAdapter.invoke()
2019-06-14 13:33:13.376 [main] (AbstractHandlerMethodMapping.java:543) INFO  o.s.b.actuate.endpoint.mvc.EndpointHandlerMapping - Mapped "{[/loggers/{name:.*}],methods=[GET],produces=[application/vnd.spring-boot.actuator.v1+json || application/json]}" onto public java.lang.Object org.springframework.boot.actuate.endpoint.mvc.LoggersMvcEndpoint.get(java.lang.String)
2019-06-14 13:33:13.377 [main] (AbstractHandlerMethodMapping.java:543) INFO  o.s.b.actuate.endpoint.mvc.EndpointHandlerMapping - Mapped "{[/loggers/{name:.*}],methods=[POST],consumes=[application/vnd.spring-boot.actuator.v1+json || application/json],produces=[application/vnd.spring-boot.actuator.v1+json || application/json]}" onto public java.lang.Object org.springframework.boot.actuate.endpoint.mvc.LoggersMvcEndpoint.set(java.lang.String,java.util.Map<java.lang.String, java.lang.String>)
2019-06-14 13:33:13.377 [main] (AbstractHandlerMethodMapping.java:543) INFO  o.s.b.actuate.endpoint.mvc.EndpointHandlerMapping - Mapped "{[/loggers || /loggers.json],methods=[GET],produces=[application/vnd.spring-boot.actuator.v1+json || application/json]}" onto public java.lang.Object org.springframework.boot.actuate.endpoint.mvc.EndpointMvcAdapter.invoke()
2019-06-14 13:33:13.622 [main] (DefaultSecurityFilterChain.java:43) INFO  o.s.security.web.DefaultSecurityFilterChain - Creating filter chain: org.springframework.security.web.util.matcher.AnyRequestMatcher@1, [com.yyx.aio.config.filter.CorsFilter@2f6ce6, org.springframework.security.web.context.request.async.WebAsyncManagerIntegrationFilter@19690f5, org.springframework.security.web.context.SecurityContextPersistenceFilter@12e036b, org.springframework.security.web.header.HeaderWriterFilter@ed01d3, org.springframework.security.web.authentication.logout.LogoutFilter@1b17353, com.yyx.aio.config.filter.VerifyTokenFilter@6fafb, com.yyx.aio.config.filter.GenerateTokenForUserFilter@47831d, org.springframework.security.web.authentication.UsernamePasswordAuthenticationFilter@dc811d, org.springframework.security.web.session.ConcurrentSessionFilter@f0ec3d, org.springframework.security.web.authentication.www.BasicAuthenticationFilter@14ef470, org.springframework.security.web.savedrequest.RequestCacheAwareFilter@bcc0a9, org.springframework.security.web.servletapi.SecurityContextHolderAwareRequestFilter@c39565, org.springframework.security.web.authentication.AnonymousAuthenticationFilter@125d6d3, org.springframework.security.web.session.SessionManagementFilter@197c93c, org.springframework.security.web.access.ExceptionTranslationFilter@a5206f, org.springframework.security.web.access.intercept.FilterSecurityInterceptor@1e8ac04]
2019-06-14 13:33:13.787 [main] (RequestMappingHandlerAdapter.java:534) INFO  o.s.w.s.m.m.a.RequestMappingHandlerAdapter - Looking for @ControllerAdvice: org.springframework.boot.context.embedded.AnnotationConfigEmbeddedWebApplicationContext@1ba1f1: startup date [Fri Jun 14 13:33:09 CST 2019]; root of context hierarchy
2019-06-14 13:33:13.828 [main] (AbstractUrlHandlerMapping.java:362) INFO  o.s.web.servlet.handler.SimpleUrlHandlerMapping - Mapped URL path [/webjars/**] onto handler of type [class org.springframework.web.servlet.resource.ResourceHttpRequestHandler]
2019-06-14 13:33:13.829 [main] (AbstractUrlHandlerMapping.java:362) INFO  o.s.web.servlet.handler.SimpleUrlHandlerMapping - Mapped URL path [/**] onto handler of type [class org.springframework.web.servlet.resource.ResourceHttpRequestHandler]
2019-06-14 13:33:13.859 [main] (AbstractUrlHandlerMapping.java:362) INFO  o.s.web.servlet.handler.SimpleUrlHandlerMapping - Mapped URL path [/**/favicon.ico] onto handler of type [class org.springframework.web.servlet.resource.ResourceHttpRequestHandler]
2019-06-14 13:33:14.590 [main] (MBeanExporter.java:431) INFO  o.s.jmx.export.annotation.AnnotationMBeanExporter - Registering beans for JMX exposure on startup
2019-06-14 13:33:14.593 [main] (MBeanExporter.java:916) INFO  o.s.jmx.export.annotation.AnnotationMBeanExporter - Bean with name 'statFilter' has been autodetected for JMX exposure
2019-06-14 13:33:14.593 [main] (MBeanExporter.java:916) INFO  o.s.jmx.export.annotation.AnnotationMBeanExporter - Bean with name 'dataSource' has been autodetected for JMX exposure
2019-06-14 13:33:14.601 [main] (MBeanExporter.java:671) INFO  o.s.jmx.export.annotation.AnnotationMBeanExporter - Located MBean 'dataSource': registering with JMX server as MBean [com.alibaba.druid.spring.boot.autoconfigure:name=dataSource,type=DruidDataSourceWrapper]
2019-06-14 13:33:14.603 [main] (MBeanExporter.java:671) INFO  o.s.jmx.export.annotation.AnnotationMBeanExporter - Located MBean 'statFilter': registering with JMX server as MBean [com.alibaba.druid.filter.stat:name=statFilter,type=StatFilter]
2019-06-14 13:33:14.607 [main] (DefaultLifecycleProcessor.java:343) INFO  o.s.context.support.DefaultLifecycleProcessor - Starting beans in phase 0
2019-06-14 13:33:14.656 [main] (DefaultLifecycleProcessor.java:343) INFO  o.s.context.support.DefaultLifecycleProcessor - Starting beans in phase 2147483647
2019-06-14 13:33:14.657 [main] (DocumentationPluginsBootstrapper.java:120) INFO  s.d.s.web.plugins.DocumentationPluginsBootstrapper - Context refreshed
2019-06-14 13:33:14.670 [main] (DocumentationPluginsBootstrapper.java:123) INFO  s.d.s.web.plugins.DocumentationPluginsBootstrapper - Found 1 custom documentation plugin(s)
2019-06-14 13:33:14.684 [main] (ApiListingReferenceScanner.java:41) INFO  s.d.spring.web.scanners.ApiListingReferenceScanner - Scanning for api listing references
2019-06-14 13:33:14.848 [main] (TomcatEmbeddedServletContainer.java:201) INFO  o.s.b.c.e.tomcat.TomcatEmbeddedServletContainer - Tomcat started on port(s): 9000 (http)
2019-06-14 13:33:14.854 [main] (StartupInfoLogger.java:57) INFO  com.yyx.aio.AIOMApplication - Started AIOMApplication in 6.161 seconds (JVM running for 7.047)
2019-06-14 13:33:14.933 [Job-Thread-1] (TaskJob.java:59) INFO  com.yyx.aio.task.job.TaskJob - 【job2】开始执行：2019-06-14 13:33:14
2019-06-14 13:33:15.513 [Job-Thread-1] (TaskJob.java:121) INFO  com.yyx.aio.task.job.TaskJob - 结果=>{"code":"0","msg":"成功","data":null,"success":true}
2019-06-14 13:33:16.805 [Job-Thread-1] (TaskJob.java:59) INFO  com.yyx.aio.task.job.TaskJob - 【job2】开始执行：2019-06-14 13:33:16
2019-06-14 13:33:16.864 [Job-Thread-1] (TaskJob.java:121) INFO  com.yyx.aio.task.job.TaskJob - 结果=>{"code":"0","msg":"成功","data":null,"success":true}
